<?xml version="1.0" encoding="UTF-8"?>
<testsuite name="Cómo usuario requiero realizar el registro en la página de My Store" tests="1" skipped="0" failures="0" errors="0" timestamp="2021-12-20T15:18:38" hostname="ALAIN-PC2" time="51.686">
  <properties/>
  <testcase name="Restristrar usuario en My Store" classname="Cómo usuario requiero realizar el registro en la página de My Store" time="51.686"/>
  <system-out><![CDATA[]]></system-out>
  <system-err><![CDATA[dic 20, 2021 10:18:39 AM org.openqa.selenium.remote.DesiredCapabilities chrome
INFORMACIÓN: Using `new ChromeOptions()` is preferred to `DesiredCapabilities.chrome()`
Starting ChromeDriver 96.0.4664.45 (76e4c1bb2ab4671b8beba3444e61c0f17584b2fc-refs/branch-heads/4664@{#947}) on port 6834
Only local connections are allowed.
Please see https://chromedriver.chromium.org/security-considerations for suggestions on keeping ChromeDriver safe.
ChromeDriver was started successfully.
dic 20, 2021 10:18:41 AM org.openqa.selenium.remote.ProtocolHandshake createSession
INFORMACIÓN: Detected dialect: W3C
dic 20, 2021 10:19:29 AM org.openqa.selenium.os.OsProcess destroy
GRAVE: Unable to kill process java.lang.ProcessImpl@37ffa1c0
]]></system-err>
</testsuite>
