<?xml version="1.0" encoding="UTF-8"?>
<testsuite name="co.com.pruebas.evaluacion.runners.RunnerRegistro" tests="0" skipped="0" failures="0" errors="0" timestamp="1970-01-01T00:00:00" hostname="ALAIN-PC2" time="0.0">
  <properties/>
  <system-out><![CDATA[
?[31mFailed scenarios:?[0m
?[31msrc/test/resources/features/Registro_Usuario.feature:14 ?[0m# Restristrar usuario en My Store

2 Scenarios (?[31m1 failed?[0m, ?[32m1 passed?[0m)
8 Steps (?[31m1 failed?[0m, ?[36m1 skipped?[0m, ?[32m6 passed?[0m)
1m42,906s

java.lang.AssertionError: 
Expected: an element that is visible
     but: no matching element found by id: id_gender1
	at net.serenitybdd.screenplay.ErrorTally.throwSummaryExceptionFrom(ErrorTally.java:36)
	at net.serenitybdd.screenplay.ErrorTally.reportAnyErrors(ErrorTally.java:30)
	at net.serenitybdd.screenplay.Actor.should(Actor.java:300)
	at net.serenitybdd.screenplay.waits.WaitUntilBuilder$1.performAs(WaitUntilBuilder.java:29)
	at net.serenitybdd.screenplay.Actor.performTask(Actor.java:232)
	at net.serenitybdd.screenplay.Actor.perform(Actor.java:213)
	at net.serenitybdd.screenplay.Actor.performSilently(Actor.java:193)
	at net.serenitybdd.screenplay.Actor.attemptsTo(Actor.java:166)
	at co.com.pruebas.evaluacion.tasks.IngresarInformacion.performAs(IngresarInformacion.java:28)
	at co.com.pruebas.evaluacion.tasks.IngresarInformacion$$EnhancerByCGLIB$$ba857e1c.CGLIB$performAs$0(<generated>)
	at co.com.pruebas.evaluacion.tasks.IngresarInformacion$$EnhancerByCGLIB$$ba857e1c$$FastClassByCGLIB$$4e671efa.invoke(<generated>)
	at net.sf.cglib.proxy.MethodProxy.invokeSuper(MethodProxy.java:228)
	at net.thucydides.core.steps.StepInterceptor.invokeMethod(StepInterceptor.java:478)
	at net.thucydides.core.steps.StepInterceptor.executeTestStepMethod(StepInterceptor.java:463)
	at net.thucydides.core.steps.StepInterceptor.runTestStep(StepInterceptor.java:438)
	at net.thucydides.core.steps.StepInterceptor.runOrSkipMethod(StepInterceptor.java:179)
	at net.thucydides.core.steps.StepInterceptor.testStepResult(StepInterceptor.java:166)
	at net.thucydides.core.steps.StepInterceptor.intercept(StepInterceptor.java:72)
	at co.com.pruebas.evaluacion.tasks.IngresarInformacion$$EnhancerByCGLIB$$ba857e1c.performAs(<generated>)
	at net.serenitybdd.screenplay.Actor.performTask(Actor.java:232)
	at net.serenitybdd.screenplay.Actor.perform(Actor.java:213)
	at net.serenitybdd.screenplay.Actor.attemptsTo(Actor.java:170)
	at co.com.pruebas.evaluacion.stepdefinitions.RegistroStepDefinition.elUsuarioIngreseLosDatosDeRegistro(RegistroStepDefinition.java:42)
	at ?.el usuario ingrese los datos de registro(src/test/resources/features/Registro_Usuario.feature:7)

]]></system-out>
  <system-err><![CDATA[SLF4J: Failed to load class "org.slf4j.impl.StaticLoggerBinder".
SLF4J: Defaulting to no-operation (NOP) logger implementation
SLF4J: See http://www.slf4j.org/codes.html#StaticLoggerBinder for further details.
]]></system-err>
</testsuite>
